<?xml version="1.0" encoding="UTF-8"?>
<!-- Generated by org.testng.reporters.JUnitXMLReporter -->
<testsuite ignored="0" hostname="DESKTOP-JT28CA7" failures="1" tests="1" name="EdgeTest" time="40.471" errors="0" timestamp="2024-09-03T06:52:54 IST">
  <testcase classname="testNG.CrossBrowserDemo" name="googleTitle" time="0.024">
    <failure type="java.lang.AssertionError" message="expected [google] but found [Google]">
      <![CDATA[java.lang.AssertionError: expected [google] but found [Google]
at testNG.CrossBrowserDemo.googleTitle(CrossBrowserDemo.java:51)
at java.base/java.util.ArrayList.forEach(ArrayList.java:1511)
at java.base/java.util.concurrent.FutureTask.run(FutureTask.java:264)
at java.base/java.util.concurrent.ThreadPoolExecutor.runWorker(ThreadPoolExecutor.java:1136)
at java.base/java.util.concurrent.ThreadPoolExecutor$Worker.run(ThreadPoolExecutor.java:635)
at java.base/java.lang.Thread.run(Thread.java:842)
... Removed 24 stack frames]]>
    </failure>
  </testcase> <!-- googleTitle -->
</testsuite> <!-- EdgeTest -->
