<?xml version="1.0" encoding="UTF-8"?>
<testng-results ignored="0" total="2" passed="2" failed="0" skipped="0">
  <reporter-output>
  </reporter-output>
  <suite started-at="2024-09-25T06:56:40 IST" name="Default suite" finished-at="2024-09-25T06:57:07 IST" duration-ms="26884">
    <groups>
    </groups>
    <test started-at="2024-09-25T06:56:40 IST" name="Default test" finished-at="2024-09-25T06:57:07 IST" duration-ms="26884">
      <class name="com.test.LoginTest">
        <test-method is-config="true" signature="setup()[pri:0, instance:com.test.LoginTest@35cabb2a]" started-at="2024-09-25T06:56:40 IST" name="setup" finished-at="2024-09-25T06:57:00 IST" duration-ms="19808" status="PASS">
          <reporter-output>
          </reporter-output>
        </test-method> <!-- setup -->
        <test-method signature="checkForget_Pwd()[pri:0, instance:com.test.LoginTest@35cabb2a]" started-at="2024-09-25T06:57:00 IST" name="checkForget_Pwd" finished-at="2024-09-25T06:57:01 IST" duration-ms="273" status="PASS">
          <reporter-output>
          </reporter-output>
        </test-method> <!-- checkForget_Pwd -->
        <test-method is-config="true" signature="termDriver()[pri:0, instance:com.test.LoginTest@35cabb2a]" started-at="2024-09-25T06:57:01 IST" name="termDriver" finished-at="2024-09-25T06:57:02 IST" duration-ms="1467" status="PASS">
          <reporter-output>
          </reporter-output>
        </test-method> <!-- termDriver -->
        <test-method is-config="true" signature="setup()[pri:0, instance:com.test.LoginTest@35cabb2a]" started-at="2024-09-25T06:57:02 IST" name="setup" finished-at="2024-09-25T06:57:06 IST" duration-ms="3863" status="PASS">
          <reporter-output>
          </reporter-output>
        </test-method> <!-- setup -->
        <test-method signature="login()[pri:1, instance:com.test.LoginTest@35cabb2a]" started-at="2024-09-25T06:57:06 IST" name="login" finished-at="2024-09-25T06:57:06 IST" duration-ms="578" status="PASS">
          <reporter-output>
          </reporter-output>
        </test-method> <!-- login -->
        <test-method is-config="true" signature="termDriver()[pri:0, instance:com.test.LoginTest@35cabb2a]" started-at="2024-09-25T06:57:06 IST" name="termDriver" finished-at="2024-09-25T06:57:07 IST" duration-ms="680" status="PASS">
          <reporter-output>
          </reporter-output>
        </test-method> <!-- termDriver -->
      </class> <!-- com.test.LoginTest -->
    </test> <!-- Default test -->
  </suite> <!-- Default suite -->
</testng-results>
